<?xml version="1.0" encoding="UTF-8"?>
<!-- Generated by org.testng.reporters.JUnitXMLReporter -->
<testsuite ignored="0" hostname="DESKTOP-9PTMFNQ" failures="1" tests="2" name="Test" time="26.091" errors="0" timestamp="2025-11-14T12:21:08 IST">
  <testcase classname="io.cucumber.testng.AbstractTestNGCucumberTests" name="runScenario" time="12.603">
    <failure type="java.lang.AssertionError" message="expected [true] but found [false]">
      <![CDATA[java.lang.AssertionError: expected [true] but found [false]
at uiappfeature.HomePageSteps.page_title_should_contains(HomePageSteps.java:38)
at âœ½.page title should contains "Shopping"(file:///C:/Users/Admin/eclipse-workspace/BBDBasics/src/test/resources/uiappfeature/Homepage.feature:5)
... Removed 7 stack frames]]>
    </failure>
  </testcase> <!-- runScenario -->
  <testcase classname="io.cucumber.testng.AbstractTestNGCucumberTests" name="runScenario" time="8.796"/>
</testsuite> <!-- Test -->
