<?xml version="1.0" encoding="UTF-8"?>
<!-- Generated by org.testng.reporters.JUnitReportReporter -->
<testsuite hostname="DESKTOP-9PTMFNQ" failures="0" tests="3" name="runner.ProfileRunner" time="0.174" errors="0" timestamp="2025-02-09T15:53:33 IST" skipped="0">
  <testcase classname="runner.ProfileRunner" name="runScenario" time="0.014"/>
  <system-out/>
  <testcase classname="runner.ProfileRunner" name="runScenario" time="0.016"/>
  <system-out/>
  <testcase classname="runner.ProfileRunner" name="runScenario" time="0.144"/>
  <system-out/>
</testsuite> <!-- runner.ProfileRunner -->
