<?xml version="1.0" encoding="UTF-8"?>
<!-- Generated by org.testng.reporters.JUnitReportReporter -->
<testsuite hostname="DESKTOP-9PTMFNQ" failures="0" tests="3" name="runner.OrderRunner" time="0.454" errors="0" timestamp="2025-02-11T11:10:51 IST" skipped="0">
  <testcase classname="runner.OrderRunner" name="runScenario" time="0.254"/>
  <system-out/>
  <testcase classname="runner.OrderRunner" name="runScenario" time="0.072"/>
  <system-out/>
  <testcase classname="runner.OrderRunner" name="runScenario" time="0.128"/>
  <system-out/>
</testsuite> <!-- runner.OrderRunner -->
