<?xml version="1.0" encoding="UTF-8"?>
<!-- Generated by org.testng.reporters.JUnitReportReporter -->
<testsuite hostname="DESKTOP-9PTMFNQ" failures="0" tests="3" name="runner.CampaignRunner" time="0.295" errors="0" timestamp="2025-02-12T12:23:19 IST" skipped="0">
  <testcase classname="runner.CampaignRunner" name="runScenario" time="0.195"/>
  <system-out/>
  <testcase classname="runner.CampaignRunner" name="runScenario" time="0.069"/>
  <system-out/>
  <testcase classname="runner.CampaignRunner" name="runScenario" time="0.031"/>
  <system-out/>
</testsuite> <!-- runner.CampaignRunner -->
